#
# A fatal error has been detected by the Java Runtime Environment:
#
#  EXCEPTION_ACCESS_VIOLATION (0xc0000005) at pc=0x00007ffeaff7a613, pid=20364, tid=17316
#
# JRE version:  (11.0.9+7) (build )
# Java VM: Java HotSpot(TM) 64-Bit Server VM (11.0.9+7-LTS, mixed mode, sharing, tiered, compressed oops, g1 gc, windows-amd64)
# Problematic frame:
# V  [jvm.dll+0x1ca613]
#
# No core dump will be written. Minidumps are not enabled by default on client versions of Windows
#
#

---------------  S U M M A R Y ------------

Command Line: -Xmx16m org.eclipse.jdt.internal.launching.support.LibraryDetector

Host: Intel(R) Core(TM) i5-10300H CPU @ 2.50GHz, 8 cores, 15G,  Windows 10 , 64 bit Build 19041 (10.0.19041.3031)
Time: Tue Jun 20 11:00:16 2023 Paris, Madrid (heure d’été) elapsed time: 0.013368 seconds (0d 0h 0m 0s)

---------------  T H R E A D  ---------------

Current thread (0x0000023617ec5800):  JavaThread "Unknown thread" [_thread_in_vm, id=17316, stack(0x00000071ae500000,0x00000071ae600000)]

Stack: [0x00000071ae500000,0x00000071ae600000],  sp=0x00000071ae5fed70,  free space=1019k
Native frames: (J=compiled Java code, j=interpreted, Vv=VM code, C=native code)
V  [jvm.dll+0x1ca613]
V  [jvm.dll+0x1c8833]
V  [jvm.dll+0x34af3b]
V  [jvm.dll+0x70a4a0]
V  [jvm.dll+0x3b415f]
V  [jvm.dll+0x3b6201]
C  [jli.dll+0x520b]
C  [ucrtbase.dll+0x21bb2]
C  [KERNEL32.DLL+0x17614]
C  [ntdll.dll+0x526f1]


siginfo: EXCEPTION_ACCESS_VIOLATION (0xc0000005), reading address 0x0000000000000000


Registers:
RAX=0x0000c80cf654ac92, RBX=0x0000000000000000, RCX=0x0000000000000000, RDX=0x0000000000000000
RSP=0x00000071ae5fed70, RBP=0x0000000000000000, RSI=0x0000023617ec5800, RDI=0x0000000000000000
R8 =0x0000000000000000, R9 =0x0000000000000000, R10=0x0000000000000000, R11=0x00000071ae5feb20
R12=0x0000000000000000, R13=0x00007ffeb036f7c0, R14=0x000002361656f238, R15=0x00000071ae5ff7c8
RIP=0x00007ffeaff7a613, EFLAGS=0x0000000000010256

Top of Stack: (sp=0x00000071ae5fed70)
0x00000071ae5fed70:   0000023616577510 00007fff48abe6b0
0x00000071ae5fed80:   00000071ae5ff7c8 000002361656f238
0x00000071ae5fed90:   0000000000000000 00000071ae5fefa0
0x00000071ae5feda0:   0000846b96b97251 00007ffeb036f7c0
0x00000071ae5fedb0:   0000000000000400 00000071ae5ff7c8
0x00000071ae5fedc0:   000002361656f238 00007ffeb036f7c0
0x00000071ae5fedd0:   0000000000000000 00007ffeb3750000
0x00000071ae5fede0:   00007ffeb05df940 0000000000000000
0x00000071ae5fedf0:   00007ffeaff786d7 00007fff48af17fc
0x00000071ae5fee00:   0000000000000000 00007ffeb03e7f93
0x00000071ae5fee10:   0000c80cf654ac92 000002361656f238
0x00000071ae5fee20:   00007ffe00000000 00007ffeb036f7c0
0x00000071ae5fee30:   0000023617ec5800 00000071ae5fef50
0x00000071ae5fee40:   0000000000000000 00007ffeaff78833
0x00000071ae5fee50:   00007ffeb3730000 00007ffeb375cff8
0x00000071ae5fee60:   00000071ae5fef50 0000023617ec5800 

Instructions: (pc=0x00007ffeaff7a613)
0x00007ffeaff7a5f3:   00 48 33 c4 48 89 84 24 a0 00 00 00 48 8b e9 48
0x00007ffeaff7a603:   c7 c3 ff ff ff ff 0f 1f 80 00 00 00 00 48 ff c3
0x00007ffeaff7a613:   80 3c 0b 00 75 f7 33 f6 c6 44 24 30 01 40 38 35
0x00007ffeaff7a623:   b3 c6 85 00 74 17 40 38 35 10 2e 85 00 75 0e 33 



---------------  P R O C E S S  ---------------

Threads class SMR info:
_java_thread_list=0x000002361656f8e0, length=0, elements={
}

Java Threads: ( => current thread )

Other Threads:

[error occurred during error reporting (printing all threads), id 0xc0000005, EXCEPTION_ACCESS_VIOLATION (0xc0000005) at pc=0x00007ffeb04bf51d]

VM state:not at safepoint (not fully initialized)

VM Mutex/Monitor currently owned by a thread: None


[error occurred during error reporting (printing compressed oops mode), id 0xc0000005, EXCEPTION_ACCESS_VIOLATION (0xc0000005) at pc=0x00007ffeb04d5817]

Deoptimization events (0 events):
No events

Classes redefined (0 events):
No events

Internal exceptions (0 events):
No events

Events (0 events):
No events


Dynamic libraries:
0x00007ff6e85c0000 - 0x00007ff6e85cf000 	C:\Program Files\Java\jdk-11.0.9\bin\javaw.exe
0x00007fff4afb0000 - 0x00007fff4b1a8000 	C:\WINDOWS\SYSTEM32\ntdll.dll
0x00007fff49140000 - 0x00007fff491ff000 	C:\WINDOWS\System32\KERNEL32.DLL
0x00007fff48a90000 - 0x00007fff48d86000 	C:\WINDOWS\System32\KERNELBASE.dll
0x00007fff48740000 - 0x00007fff48840000 	C:\WINDOWS\System32\ucrtbase.dll
0x00007ffeb3840000 - 0x00007ffeb3858000 	C:\Program Files\Java\jdk-11.0.9\bin\jli.dll
0x00007fff4a7c0000 - 0x00007fff4a86f000 	C:\WINDOWS\System32\ADVAPI32.dll
0x00007fff49300000 - 0x00007fff4939e000 	C:\WINDOWS\System32\msvcrt.dll
0x00007fff49200000 - 0x00007fff4929c000 	C:\WINDOWS\System32\sechost.dll
0x00007fff49570000 - 0x00007fff49696000 	C:\WINDOWS\System32\RPCRT4.dll
0x00007fff493d0000 - 0x00007fff4956d000 	C:\WINDOWS\System32\USER32.dll
0x00007fff488b0000 - 0x00007fff488d2000 	C:\WINDOWS\System32\win32u.dll
0x00007fff493a0000 - 0x00007fff493cc000 	C:\WINDOWS\System32\GDI32.dll
0x00007fff48ef0000 - 0x00007fff49005000 	C:\WINDOWS\System32\gdi32full.dll
0x00007fff48d90000 - 0x00007fff48e2d000 	C:\WINDOWS\System32\msvcp_win.dll
0x00007fff37dd0000 - 0x00007fff3806a000 	C:\WINDOWS\WinSxS\amd64_microsoft.windows.common-controls_6595b64144ccf1df_6.0.19041.1110_none_60b5254171f9507e\COMCTL32.dll
0x00007fff43310000 - 0x00007fff4331a000 	C:\WINDOWS\SYSTEM32\VERSION.dll
0x00007ffeb3820000 - 0x00007ffeb3835000 	C:\Program Files\Java\jdk-11.0.9\bin\VCRUNTIME140.dll
0x00007fff49070000 - 0x00007fff490a0000 	C:\WINDOWS\System32\IMM32.DLL
0x00007ffeb3780000 - 0x00007ffeb381b000 	C:\Program Files\Java\jdk-11.0.9\bin\msvcp140.dll
0x00007ffeafdb0000 - 0x00007ffeb08a7000 	C:\Program Files\Java\jdk-11.0.9\bin\server\jvm.dll
0x00007fff4a720000 - 0x00007fff4a728000 	C:\WINDOWS\System32\PSAPI.DLL
0x00007fff2daa0000 - 0x00007fff2daa9000 	C:\WINDOWS\SYSTEM32\WSOCK32.dll
0x00007fff38220000 - 0x00007fff38247000 	C:\WINDOWS\SYSTEM32\WINMM.dll
0x00007fff4a750000 - 0x00007fff4a7bb000 	C:\WINDOWS\System32\WS2_32.dll
0x00007fff46540000 - 0x00007fff46552000 	C:\WINDOWS\SYSTEM32\kernel.appcore.dll
0x00007fff077d0000 - 0x00007fff077e0000 	C:\Program Files\Java\jdk-11.0.9\bin\verify.dll
0x00007fff34e30000 - 0x00007fff35014000 	C:\WINDOWS\SYSTEM32\DBGHELP.DLL
0x00007fff32300000 - 0x00007fff32334000 	C:\WINDOWS\SYSTEM32\dbgcore.DLL
0x00007fff48e30000 - 0x00007fff48eb2000 	C:\WINDOWS\System32\bcryptPrimitives.dll
0x00007ffeb3750000 - 0x00007ffeb3778000 	C:\Program Files\Java\jdk-11.0.9\bin\java.dll
0x00007fff067e0000 - 0x00007fff067ea000 	C:\Program Files\Java\jdk-11.0.9\bin\jimage.dll
0x00007ffeb3730000 - 0x00007ffeb3746000 	C:\Program Files\Java\jdk-11.0.9\bin\zip.dll

dbghelp: loaded successfully - version: 4.0.5 - missing functions: none
symbol engine: initialized successfully - sym options: 0x614 - pdb path: .;C:\Program Files\Java\jdk-11.0.9\bin;C:\WINDOWS\SYSTEM32;C:\WINDOWS\WinSxS\amd64_microsoft.windows.common-controls_6595b64144ccf1df_6.0.19041.1110_none_60b5254171f9507e;C:\Program Files\Java\jdk-11.0.9\bin\server

VM Arguments:
jvm_args: -Xmx16m 
java_command: org.eclipse.jdt.internal.launching.support.LibraryDetector
java_class_path (initial): C:\Users\Selin\AppData\Roaming\Code\User\globalStorage\redhat.java\1.19.0\config_win\org.eclipse.osgi\52\0\.cp\lib\launchingsupport.jar
Launcher Type: SUN_STANDARD

[Global flags]
     uint G1ConcRefinementThreads                  = 8                                         {product} {ergonomic}
    uintx GCDrainStackTargetSize                   = 64                                        {product} {ergonomic}
   size_t InitialHeapSize                          = 16777216                                  {product} {ergonomic}
   size_t MaxHeapSize                              = 16777216                                  {product} {command line}
    uintx ReservedCodeCacheSize                    = 251658240                              {pd product} {ergonomic}
     bool SegmentedCodeCache                       = true                                      {product} {ergonomic}
     bool UseCompressedClassPointers               = true                                 {lp64_product} {ergonomic}
     bool UseCompressedOops                        = true                                 {lp64_product} {ergonomic}
     bool UseG1GC                                  = true                                      {product} {ergonomic}
     bool UseLargePagesIndividualAllocation        = false                                  {pd product} {ergonomic}

Logging:
Log output configuration:
 #0: stdout all=warning uptime,level,tags
 #1: stderr all=off uptime,level,tags

Environment Variables:
JAVA_HOME=C:\Users\Selin\Desktop\Cours\Java\JDK
PATH=C:\Program Files (x86)\Razer Chroma SDK\bin;C:\Program Files\Razer Chroma SDK\bin;C:\Program Files (x86)\Razer\ChromaBroadcast\bin;C:\Program Files\Razer\ChromaBroadcast\bin;C:\app\Selin\product\18.0.0\dbhomeXE\bin;C:\Windows\system32;C:\Windows;C:\Windows\System32\Wbem;C:\Windows\System32\WindowsPowerShell\v1.0\;C:\Windows\System32\OpenSSH\;C:\Program Files (x86)\NVIDIA Corporation\PhysX\Common;C:\Program Files\NVIDIA Corporation\NVIDIA NvDLISR;C:\WINDOWS\system32;C:\WINDOWS;C:\WINDOWS\System32\Wbem;C:\WINDOWS\System32\WindowsPowerShell\v1.0\;C:\WINDOWS\System32\OpenSSH\;C:\Users\Selin\Desktop\Cours\Java\apache-maven\apache-maven-3.6.3\bin;C:\Program Files\Git\cmd;C:\WINDOWS\system32\config\systemprofile\AppData\Local\Microsoft\WindowsApps;C:\ProgramData\chocolatey\bin;C:\Program Files\GitHub CLI\;C:\Program Files\nodejs\;C:\wamp64\bin\mysql\mysql8.0.33\bin;C:\Program Files\MySQL\MySQL Server 8.0\bin;C:\Program Files\MySQL\MySQL Shell 8.0\bin\;C:\Users\Selin\AppData\Local\Microsoft\WindowsApps;;C:\Users\Selin\AppData\Local\Programs\Microsoft VS Code\bin;C:\Users\Selin\AppData\Roaming\npm
USERNAME=Selin
OS=Windows_NT
PROCESSOR_IDENTIFIER=Intel64 Family 6 Model 165 Stepping 2, GenuineIntel



---------------  S Y S T E M  ---------------

OS: Windows 10 , 64 bit Build 19041 (10.0.19041.3031)

CPU:total 8 (initial active 8) 

Memory: 4k page, system-wide physical 16200M (5661M free)
TotalPageFile size 24136M (AvailPageFile size 10085M)
current process WorkingSet (physical memory assigned to process): 8M, peak: 8M
current process commit charge ("private bytes"): 3M, peak: 3M

vm_info: Java HotSpot(TM) 64-Bit Server VM (11.0.9+7-LTS) for windows-amd64 JRE (11.0.9+7-LTS), built on Sep 15 2020 16:47:03 by "mach5one" with MS VC++ 15.9 (VS2017)

END.
